<?xml version="1.0" encoding="UTF-8"?>
<testsuite xmlns:xsi="http://www.w3.org/2001/XMLSchema-instance" xsi:noNamespaceSchemaLocation="https://maven.apache.org/surefire/maven-surefire-plugin/xsd/surefire-test-report.xsd" version="3.0.2" name="com.sdm.invoicing.InvoicingApplicationTests" time="14.264" tests="1" errors="0" skipped="0" failures="0">
  <properties>
[...]
</properties>
  <testcase name="contextLoads" classname="com.sdm.invoicing.InvoicingApplicationTests" time="0.888">
    <system-out><![CDATA[08:57:44.705 [main] INFO org.springframework.test.context.support.AnnotationConfigContextLoaderUtils -- Could not detect default configuration classes for test class [com.sdm.invoicing.InvoicingApplicationTests]: InvoicingApplicationTests does not declare any static, non-private, non-final, nested classes annotated with @Configuration.
08:57:44.930 [main] INFO org.springframework.boot.test.context.SpringBootTestContextBootstrapper -- Found @SpringBootConfiguration com.sdm.invoicing.InvoicingApplication for test class com.sdm.invoicing.InvoicingApplicationTests

  .   ____          _            __ _ _
 /\\ / ___'_ __ _ _(_)_ __  __ _ \ \ \ \
( ( )\___ | '_ | '_| | '_ \/ _` | \ \ \ \
 \\/  ___)| |_)| | | | | || (_| |  ) ) ) )
  '  |____| .__|_| |_|_| |_\__, | / / / /
 =========|_|==============|___/=/_/_/_/

 :: Spring Boot ::                (v3.4.1)

2025-03-12T08:57:45.881+05:30  INFO 15012 --- [invoicing] [           main] c.s.invoicing.InvoicingApplicationTests  : Starting InvoicingApplicationTests using Java 17.0.8 with PID 15012 (started by maduh in C:\Users\maduh\IdeaProjects\Spring\2025\Invoice\invoicing)
2025-03-12T08:57:45.883+05:30  INFO 15012 --- [invoicing] [           main] c.s.invoicing.InvoicingApplicationTests  : No active profile set, falling back to 1 default profile: "default"
2025-03-12T08:57:47.637+05:30  INFO 15012 --- [invoicing] [           main] .s.d.r.c.RepositoryConfigurationDelegate : Bootstrapping Spring Data JPA repositories in DEFAULT mode.
2025-03-12T08:57:47.783+05:30  INFO 15012 --- [invoicing] [           main] .s.d.r.c.RepositoryConfigurationDelegate : Finished Spring Data repository scanning in 125 ms. Found 9 JPA repository interfaces.
2025-03-12T08:57:48.788+05:30  INFO 15012 --- [invoicing] [           main] o.hibernate.jpa.internal.util.LogHelper  : HHH000204: Processing PersistenceUnitInfo [name: default]
2025-03-12T08:57:49.274+05:30  INFO 15012 --- [invoicing] [           main] org.hibernate.Version                    : HHH000412: Hibernate ORM core version 6.6.4.Final
2025-03-12T08:57:49.524+05:30  INFO 15012 --- [invoicing] [           main] o.h.c.internal.RegionFactoryInitiator    : HHH000026: Second-level cache disabled
2025-03-12T08:57:50.621+05:30  INFO 15012 --- [invoicing] [           main] o.s.o.j.p.SpringPersistenceUnitInfo      : No LoadTimeWeaver setup: ignoring JPA class transformer
2025-03-12T08:57:50.699+05:30  INFO 15012 --- [invoicing] [           main] com.zaxxer.hikari.HikariDataSource       : HikariPool-1 - Starting...
2025-03-12T08:57:51.422+05:30  INFO 15012 --- [invoicing] [           main] com.zaxxer.hikari.pool.HikariPool        : HikariPool-1 - Added connection com.mysql.cj.jdbc.ConnectionImpl@152891f8
2025-03-12T08:57:51.426+05:30  INFO 15012 --- [invoicing] [           main] com.zaxxer.hikari.HikariDataSource       : HikariPool-1 - Start completed.
2025-03-12T08:57:51.513+05:30  WARN 15012 --- [invoicing] [           main] org.hibernate.orm.deprecation            : HHH90000025: MySQL8Dialect does not need to be specified explicitly using 'hibernate.dialect' (remove the property setting and it will be selected by default)
2025-03-12T08:57:51.515+05:30  WARN 15012 --- [invoicing] [           main] org.hibernate.orm.deprecation            : HHH90000026: MySQL8Dialect has been deprecated; use org.hibernate.dialect.MySQLDialect instead
2025-03-12T08:57:51.555+05:30  INFO 15012 --- [invoicing] [           main] org.hibernate.orm.connections.pooling    : HHH10001005: Database info:
	Database JDBC URL [Connecting through datasource 'HikariDataSource (HikariPool-1)']
	Database driver: undefined/unknown
	Database version: 8.0
	Autocommit mode: undefined/unknown
	Isolation level: undefined/unknown
	Minimum pool size: undefined/unknown
	Maximum pool size: undefined/unknown
2025-03-12T08:57:53.141+05:30  INFO 15012 --- [invoicing] [           main] o.h.e.t.j.p.i.JtaPlatformInitiator       : HHH000489: No JTA platform available (set 'hibernate.transaction.jta.platform' to enable JTA platform integration)
2025-03-12T08:57:53.326+05:30  INFO 15012 --- [invoicing] [           main] j.LocalContainerEntityManagerFactoryBean : Initialized JPA EntityManagerFactory for persistence unit 'default'
2025-03-12T08:57:54.079+05:30  INFO 15012 --- [invoicing] [           main] eAuthenticationProviderManagerConfigurer : Global AuthenticationManager configured with AuthenticationProvider bean with name authenticationProvider
2025-03-12T08:57:54.079+05:30  WARN 15012 --- [invoicing] [           main] r$InitializeUserDetailsManagerConfigurer : Global AuthenticationManager configured with an AuthenticationProvider bean. UserDetailsService beans will not be used by Spring Security for automatically configuring username/password login. Consider removing the AuthenticationProvider bean. Alternatively, consider using the UserDetailsService in a manually instantiated DaoAuthenticationProvider. If the current configuration is intentional, to turn off this warning, increase the logging level of 'org.springframework.security.config.annotation.authentication.configuration.InitializeUserDetailsBeanManagerConfigurer' to ERROR
Admin Account is exist.com.sdm.invoicing.entity.User@5817b0d1
2025-03-12T08:57:55.458+05:30  WARN 15012 --- [invoicing] [           main] JpaBaseConfiguration$JpaWebConfiguration : spring.jpa.open-in-view is enabled by default. Therefore, database queries may be performed during view rendering. Explicitly configure spring.jpa.open-in-view to disable this warning
2025-03-12T08:57:57.249+05:30  WARN 15012 --- [invoicing] [           main] ion$DefaultTemplateResolverConfiguration : Cannot find template location: classpath:/templates/ (please add some templates, check your Thymeleaf configuration, or set spring.thymeleaf.check-template-location=false)
2025-03-12T08:57:57.616+05:30  INFO 15012 --- [invoicing] [           main] c.s.invoicing.InvoicingApplicationTests  : Started InvoicingApplicationTests in 12.333 seconds (process running for 14.656)
]]></system-out>
  </testcase>
</testsuite>